

Started GET "/" for 127.0.0.1 at 2013-10-25 09:52:49 -0400
Connecting to database specified by database.yml
Processing by SessionsController#new as HTML
  Rendered sessions/new.html.erb within layouts/application (1.3ms)
Compiled bootstrap_and_overrides.css  (652ms)  (pid 45075)
Compiled application.css  (656ms)  (pid 45075)
Compiled jquery.js  (31ms)  (pid 45075)
Compiled jquery_ujs.js  (0ms)  (pid 45075)
Compiled jquery.turbolinks.js  (0ms)  (pid 45075)
Compiled twitter/bootstrap/bootstrap-transition.js  (0ms)  (pid 45075)
Compiled twitter/bootstrap/bootstrap-alert.js  (0ms)  (pid 45075)
Compiled twitter/bootstrap/bootstrap-modal.js  (0ms)  (pid 45075)
Compiled twitter/bootstrap/bootstrap-dropdown.js  (0ms)  (pid 45075)
Compiled twitter/bootstrap/bootstrap-scrollspy.js  (0ms)  (pid 45075)
Compiled twitter/bootstrap/bootstrap-tab.js  (0ms)  (pid 45075)
Compiled twitter/bootstrap/bootstrap-tooltip.js  (0ms)  (pid 45075)
Compiled twitter/bootstrap/bootstrap-popover.js  (0ms)  (pid 45075)
Compiled twitter/bootstrap/bootstrap-button.js  (0ms)  (pid 45075)
Compiled twitter/bootstrap/bootstrap-collapse.js  (0ms)  (pid 45075)
Compiled twitter/bootstrap/bootstrap-carousel.js  (0ms)  (pid 45075)
Compiled twitter/bootstrap/bootstrap-typeahead.js  (0ms)  (pid 45075)
Compiled twitter/bootstrap/bootstrap-affix.js  (0ms)  (pid 45075)
Compiled twitter/bootstrap.js  (53ms)  (pid 45075)
Compiled bootstrap.js  (60ms)  (pid 45075)
Compiled application.js  (293ms)  (pid 45075)
  [1m[36mLocation Load (10.8ms)[0m  [1mSELECT "locations".* FROM "locations" [0m
Completed 200 OK in 1271ms (Views: 1035.0ms | ActiveRecord: 235.3ms)


Started GET "/assets/jquery.turbolinks.js?body=1" for 127.0.0.1 at 2013-10-25 09:52:50 -0400
Served asset /jquery.turbolinks.js - 200 OK (2ms)


Started GET "/assets/application.css?body=1" for 127.0.0.1 at 2013-10-25 09:52:50 -0400
Served asset /application.css - 200 OK (2ms)


Started GET "/assets/bootstrap_and_overrides.css?body=1" for 127.0.0.1 at 2013-10-25 09:52:50 -0400
Served asset /bootstrap_and_overrides.css - 200 OK (29ms)


Started GET "/assets/jquery.js?body=1" for 127.0.0.1 at 2013-10-25 09:52:50 -0400
Served asset /jquery.js - 304 Not Modified (1ms)


Started GET "/assets/jquery_ujs.js?body=1" for 127.0.0.1 at 2013-10-25 09:52:50 -0400
Served asset /jquery_ujs.js - 304 Not Modified (1ms)


Started GET "/assets/twitter/bootstrap/bootstrap-transition.js?body=1" for 127.0.0.1 at 2013-10-25 09:52:50 -0400
Served asset /twitter/bootstrap/bootstrap-transition.js - 200 OK (1ms)


Started GET "/assets/twitter/bootstrap/bootstrap-alert.js?body=1" for 127.0.0.1 at 2013-10-25 09:52:50 -0400
Served asset /twitter/bootstrap/bootstrap-alert.js - 200 OK (2ms)


Started GET "/assets/twitter/bootstrap/bootstrap-dropdown.js?body=1" for 127.0.0.1 at 2013-10-25 09:52:50 -0400
Served asset /twitter/bootstrap/bootstrap-dropdown.js - 200 OK (1ms)


Started GET "/assets/twitter/bootstrap/bootstrap-scrollspy.js?body=1" for 127.0.0.1 at 2013-10-25 09:52:50 -0400
Served asset /twitter/bootstrap/bootstrap-scrollspy.js - 200 OK (2ms)


Started GET "/assets/twitter/bootstrap/bootstrap-tooltip.js?body=1" for 127.0.0.1 at 2013-10-25 09:52:50 -0400
Served asset /twitter/bootstrap/bootstrap-tooltip.js - 200 OK (1ms)


Started GET "/assets/twitter/bootstrap/bootstrap-tab.js?body=1" for 127.0.0.1 at 2013-10-25 09:52:50 -0400
Served asset /twitter/bootstrap/bootstrap-tab.js - 200 OK (2ms)


Started GET "/assets/twitter/bootstrap/bootstrap-modal.js?body=1" for 127.0.0.1 at 2013-10-25 09:52:50 -0400
Served asset /twitter/bootstrap/bootstrap-modal.js - 200 OK (1ms)


Started GET "/assets/twitter/bootstrap/bootstrap-popover.js?body=1" for 127.0.0.1 at 2013-10-25 09:52:50 -0400
Served asset /twitter/bootstrap/bootstrap-popover.js - 200 OK (1ms)


Started GET "/assets/twitter/bootstrap/bootstrap-collapse.js?body=1" for 127.0.0.1 at 2013-10-25 09:52:50 -0400
Served asset /twitter/bootstrap/bootstrap-collapse.js - 200 OK (1ms)


Started GET "/assets/twitter/bootstrap/bootstrap-carousel.js?body=1" for 127.0.0.1 at 2013-10-25 09:52:50 -0400
Served asset /twitter/bootstrap/bootstrap-carousel.js - 200 OK (1ms)


Started GET "/assets/twitter/bootstrap/bootstrap-typeahead.js?body=1" for 127.0.0.1 at 2013-10-25 09:52:50 -0400
Served asset /twitter/bootstrap/bootstrap-typeahead.js - 200 OK (1ms)


Started GET "/assets/twitter/bootstrap/bootstrap-button.js?body=1" for 127.0.0.1 at 2013-10-25 09:52:50 -0400
Served asset /twitter/bootstrap/bootstrap-button.js - 200 OK (1ms)


Started GET "/assets/twitter/bootstrap/bootstrap-affix.js?body=1" for 127.0.0.1 at 2013-10-25 09:52:50 -0400
Served asset /twitter/bootstrap/bootstrap-affix.js - 200 OK (3ms)


Started GET "/assets/application.js?body=1" for 127.0.0.1 at 2013-10-25 09:52:50 -0400
Served asset /application.js - 200 OK (13ms)


Started GET "/assets/bootstrap.js?body=1" for 127.0.0.1 at 2013-10-25 09:52:50 -0400
Served asset /bootstrap.js - 200 OK (1ms)


Started GET "/assets/twitter/bootstrap.js?body=1" for 127.0.0.1 at 2013-10-25 09:52:50 -0400
Served asset /twitter/bootstrap.js - 304 Not Modified (11ms)
